[2019-12-13 04:28:41] Текст ошибки: Call to undefined function ishop\matchRoute() | Файл: D:\OSPanel\domains\IntShop\vendor\ishop\core\Router.php | Строка: 27
-----------------
[2019-12-13 05:04:17] Текст ошибки: Страница не найдена | Файл: D:\OSPanel\domains\IntShop\vendor\ishop\core\Router.php | Строка: 32
-----------------
[2019-12-13 05:05:10] Текст ошибки: Страница не найдена | Файл: D:\OSPanel\domains\IntShop\vendor\ishop\core\Router.php | Строка: 32
-----------------
[2019-12-13 05:06:20] Текст ошибки: Страница не найдена | Файл: D:\OSPanel\domains\IntShop\vendor\ishop\core\Router.php | Строка: 32
-----------------
[2019-12-13 05:07:32] Текст ошибки: Страница не найдена | Файл: D:\OSPanel\domains\IntShop\vendor\ishop\core\Router.php | Строка: 32
-----------------
[2019-12-13 06:11:44] Текст ошибки: Контроллер app\controllers\PageController не найден | Файл: D:\OSPanel\domains\IntShop\vendor\ishop\core\Router.php | Строка: 35
-----------------
[2019-12-13 06:14:17] Текст ошибки: Контроллер app\controllers\PageController не найден | Файл: D:\OSPanel\domains\IntShop\vendor\ishop\core\Router.php | Строка: 35
-----------------
[2019-12-13 06:15:14] Текст ошибки: Контроллер app\controllers\PageController не найден | Файл: D:\OSPanel\domains\IntShop\vendor\ishop\core\Router.php | Строка: 35
-----------------
[2019-12-13 06:16:33] Текст ошибки: Контроллер app\controllers\PageController не найден | Файл: D:\OSPanel\domains\IntShop\vendor\ishop\core\Router.php | Строка: 35
-----------------
[2019-12-13 06:16:46] Текст ошибки: Контроллер app\controllers\PageController не найден | Файл: D:\OSPanel\domains\IntShop\vendor\ishop\core\Router.php | Строка: 35
-----------------
[2019-12-13 06:17:13] Текст ошибки: Контроллер app\controllers\MainController не найден | Файл: D:\OSPanel\domains\IntShop\vendor\ishop\core\Router.php | Строка: 35
-----------------
[2019-12-13 06:17:42] Текст ошибки: Контроллер app\controllers\MainController не найден | Файл: D:\OSPanel\domains\IntShop\vendor\ishop\core\Router.php | Строка: 35
-----------------
[2019-12-13 06:17:52] Текст ошибки: Контроллер app\controllers\MainController не найден | Файл: D:\OSPanel\domains\IntShop\vendor\ishop\core\Router.php | Строка: 35
-----------------
[2019-12-13 06:18:41] Текст ошибки: Class 'app\controllers\MainController' not found | Файл: D:\OSPanel\domains\IntShop\vendor\ishop\core\Router.php | Строка: 32
-----------------
[2019-12-13 06:19:21] Текст ошибки: Class 'app\controllers\MainController' not found | Файл: D:\OSPanel\domains\IntShop\vendor\ishop\core\Router.php | Строка: 32
-----------------
[2019-12-13 06:19:49] Текст ошибки: Class 'app\controllers\MainController' not found | Файл: D:\OSPanel\domains\IntShop\vendor\ishop\core\Router.php | Строка: 32
-----------------
[2019-12-13 06:20:30] Текст ошибки: Class 'app\controllers\MainController' not found | Файл: D:\OSPanel\domains\IntShop\vendor\ishop\core\Router.php | Строка: 32
-----------------
[2019-12-13 06:22:23] Текст ошибки: Class 'app\controllers\MainController' not found | Файл: D:\OSPanel\domains\IntShop\vendor\ishop\core\Router.php | Строка: 32
-----------------
[2019-12-13 06:23:18] Текст ошибки: Class 'app\controllers\MainController' not found | Файл: D:\OSPanel\domains\IntShop\vendor\ishop\core\Router.php | Строка: 32
-----------------
[2019-12-13 06:25:08] Текст ошибки: Class 'app\controllers\MainController' not found | Файл: D:\OSPanel\domains\IntShop\vendor\ishop\core\Router.php | Строка: 32
-----------------
[2019-12-13 06:26:31] Текст ошибки: Class 'app\controllers\MainController' not found | Файл: D:\OSPanel\domains\IntShop\vendor\ishop\core\Router.php | Строка: 32
-----------------
[2019-12-13 06:27:45] Текст ошибки: Контроллер app\controllers\MainController не найден | Файл: D:\OSPanel\domains\IntShop\vendor\ishop\core\Router.php | Строка: 40
-----------------
[2019-12-13 06:28:44] Текст ошибки: Контроллер app\controllers\MainController не найден | Файл: D:\OSPanel\domains\IntShop\vendor\ishop\core\Router.php | Строка: 40
-----------------
[2019-12-13 06:29:59] Текст ошибки: Метод app\controllers\MainController::indexAction не найден | Файл: D:\OSPanel\domains\IntShop\vendor\ishop\core\Router.php | Строка: 37
-----------------
[2019-12-13 06:34:04] Текст ошибки: Контроллер app\controllers\PageController не найден | Файл: D:\OSPanel\domains\IntShop\vendor\ishop\core\Router.php | Строка: 40
-----------------
[2019-12-13 06:34:28] Текст ошибки: syntax error, unexpected '}' | Файл: D:\OSPanel\domains\IntShop\app\controllers\PageController.php | Строка: 7
-----------------
[2019-12-13 06:34:43] Текст ошибки: Метод app\controllers\PageController::indexAction не найден | Файл: D:\OSPanel\domains\IntShop\vendor\ishop\core\Router.php | Строка: 37
-----------------
[2019-12-13 06:35:52] Текст ошибки: Метод app\controllers\PageController::viewAction не найден | Файл: D:\OSPanel\domains\IntShop\vendor\ishop\core\Router.php | Строка: 37
-----------------
[2019-12-13 09:49:32] Текст ошибки: Страница не найдена | Файл: D:\OSPanel\domains\IntShop\vendor\ishop\core\Router.php | Строка: 43
-----------------
[2019-12-13 09:49:34] Текст ошибки: Страница не найдена | Файл: D:\OSPanel\domains\IntShop\vendor\ishop\core\Router.php | Строка: 43
-----------------
[2019-12-13 12:28:19] Текст ошибки: Страница не найдена | Файл: D:\OSPanel\domains\IntShop\vendor\ishop\core\Router.php | Строка: 43
-----------------
[2019-12-13 14:37:31] Текст ошибки: Class 'app\controllers\Controller' not found | Файл: D:\OSPanel\domains\IntShop\app\controllers\MainController.php | Строка: 4
-----------------
[2019-12-13 14:38:51] Текст ошибки: Class 'app\controllers\Controller' not found | Файл: D:\OSPanel\domains\IntShop\app\controllers\MainController.php | Строка: 4
-----------------
[2019-12-13 14:39:49] Текст ошибки: Контроллер app\controllers\MainController не найден | Файл: D:\OSPanel\domains\IntShop\vendor\ishop\core\Router.php | Строка: 40
-----------------
[2019-12-13 14:41:06] Текст ошибки: Контроллер app\controllers\MainController не найден | Файл: D:\OSPanel\domains\IntShop\vendor\ishop\core\Router.php | Строка: 40
-----------------
[2019-12-13 14:41:12] Текст ошибки: Class 'app\controllers\Controller' not found | Файл: D:\OSPanel\domains\IntShop\app\controllers\MainController.php | Строка: 5
-----------------
[2019-12-13 14:41:32] Текст ошибки: Контроллер app\controllers\MainController не найден | Файл: D:\OSPanel\domains\IntShop\vendor\ishop\core\Router.php | Строка: 40
-----------------
[2019-12-13 14:43:20] Текст ошибки: Class 'app\controllers\Controller' not found | Файл: D:\OSPanel\domains\IntShop\app\controllers\MainController.php | Строка: 4
-----------------
[2019-12-13 14:44:34] Текст ошибки: Class 'app\controllers\Controller' not found | Файл: D:\OSPanel\domains\IntShop\app\controllers\MainController.php | Строка: 4
-----------------
[2019-12-13 14:46:13] Текст ошибки: Class 'app\controllers\Controller' not found | Файл: D:\OSPanel\domains\IntShop\app\controllers\MainController.php | Строка: 4
-----------------
[2019-12-13 14:47:42] Текст ошибки: Контроллер app\controllers\MainController не найден | Файл: D:\OSPanel\domains\IntShop\vendor\ishop\core\Router.php | Строка: 40
-----------------
[2019-12-13 14:48:13] Текст ошибки: Class 'app\controllers\Controller' not found | Файл: D:\OSPanel\domains\IntShop\app\controllers\MainController.php | Строка: 7
-----------------
[2019-12-13 14:48:28] Текст ошибки: Class 'app\controllers\Controller' not found | Файл: D:\OSPanel\domains\IntShop\app\controllers\MainController.php | Строка: 4
-----------------
[2019-12-13 14:50:58] Текст ошибки: Class 'app\controllers\Controller' not found | Файл: D:\OSPanel\domains\IntShop\app\controllers\MainController.php | Строка: 4
-----------------
[2019-12-13 14:51:12] Текст ошибки: Class 'app\controllers\Controller' not found | Файл: D:\OSPanel\domains\IntShop\app\controllers\MainController.php | Строка: 4
-----------------
[2019-12-13 15:03:21] Текст ошибки: Class 'app\controllers\controllers' not found | Файл: D:\OSPanel\domains\IntShop\app\controllers\AppController.php | Строка: 7
-----------------
[2019-12-13 15:04:13] Текст ошибки: Class 'app\controllers\controllers' not found | Файл: D:\OSPanel\domains\IntShop\app\controllers\AppController.php | Строка: 7
-----------------
[2019-12-13 19:39:18] Текст ошибки: Контроллер app\controllers\ProkController не найден | Файл: D:\OSPanel\domains\IntShop\vendor\ishop\core\Router.php | Строка: 41
-----------------
[2019-12-13 19:40:00] Текст ошибки: Страница не найдена | Файл: D:\OSPanel\domains\IntShop\vendor\ishop\core\Router.php | Строка: 44
-----------------
[2019-12-13 20:10:16] Текст ошибки: Call to undefined function getMeta() | Файл: D:\OSPanel\domains\IntShop\app\views\layouts\default.php | Строка: 7
-----------------
[2019-12-13 20:16:38] Текст ошибки: syntax error, unexpected '?>' | Файл: D:\OSPanel\domains\IntShop\app\views\layouts\default.php | Строка: 7
-----------------
[2019-12-13 20:17:31] Текст ошибки: syntax error, unexpected '?>' | Файл: D:\OSPanel\domains\IntShop\app\views\layouts\default.php | Строка: 7
-----------------
[2019-12-13 20:17:34] Текст ошибки: syntax error, unexpected '?>' | Файл: D:\OSPanel\domains\IntShop\app\views\layouts\default.php | Строка: 7
-----------------
[2019-12-13 20:17:35] Текст ошибки: syntax error, unexpected '?>' | Файл: D:\OSPanel\domains\IntShop\app\views\layouts\default.php | Строка: 7
-----------------
[2019-12-13 21:06:56] Текст ошибки: Call to undefined method app\controllers\PageController::getView() | Файл: D:\OSPanel\domains\IntShop\vendor\ishop\core\Router.php | Строка: 36
-----------------
[2019-12-13 21:08:30] Текст ошибки: Вид (view) D:\OSPanel\domains\IntShop/app/views/Page/index.php не найден | Файл: D:\OSPanel\domains\IntShop\vendor\ishop\core\base\View.php | Строка: 42
-----------------
[2019-12-13 22:05:53] Текст ошибки: Class name must be a valid object or a string | Файл: D:\OSPanel\domains\IntShop\public\index.php | Строка: 14
-----------------
[2019-12-13 22:32:55] Текст ошибки: Страница не найдена | Файл: D:\OSPanel\domains\IntShop\vendor\ishop\core\Router.php | Строка: 44
-----------------
[2019-12-13 22:33:14] Текст ошибки: Контроллер app\controllers\JhgController не найден | Файл: D:\OSPanel\domains\IntShop\vendor\ishop\core\Router.php | Строка: 41
-----------------
[2019-12-13 22:33:30] Текст ошибки: Страница не найдена | Файл: D:\OSPanel\domains\IntShop\vendor\ishop\core\Router.php | Строка: 44
-----------------
[2019-12-13 22:33:38] Текст ошибки: Контроллер app\controllers\JhgController не найден | Файл: D:\OSPanel\domains\IntShop\vendor\ishop\core\Router.php | Строка: 41
-----------------
[2019-12-13 22:33:38] Текст ошибки: Контроллер app\controllers\JhgController не найден | Файл: D:\OSPanel\domains\IntShop\vendor\ishop\core\Router.php | Строка: 41
-----------------
[2019-12-13 22:33:38] Текст ошибки: Страница не найдена | Файл: D:\OSPanel\domains\IntShop\vendor\ishop\core\Router.php | Строка: 44
-----------------
[2019-12-13 22:33:51] Текст ошибки: Страница не найдена | Файл: D:\OSPanel\domains\IntShop\vendor\ishop\core\Router.php | Строка: 44
-----------------
[2019-12-13 22:38:26] Текст ошибки: Контроллер app\controllers\PageNewController не найден | Файл: D:\OSPanel\domains\IntShop\vendor\ishop\core\Router.php | Строка: 41
-----------------
